<?xml version="1.0" encoding="UTF-8" ?>
<testsuite tests="18" failures="0" name="testRunner.TestRunner" time="0.003" errors="0" skipped="0">
  <properties>
[...]
</properties>
  <testcase classname="Given the user launches login page &quot;https:\​​beta.caspar-health.com\en\&quot;(| https:\​​beta.caspar-health.com\en\ | IXE0865 | 78350619 |)" name="Given the user launches login page &quot;https:\​​beta.caspar-health.com\en\&quot;" time="0"/>
  <testcase classname="When the user enters &quot;IXE0865&quot; and &quot;78350619&quot;(| https:\​​beta.caspar-health.com\en\ | IXE0865 | 78350619 |)" name="When the user enters &quot;IXE0865&quot; and &quot;78350619&quot;" time="0"/>
  <testcase classname="Then he clicks on Login Button(| https:\​​beta.caspar-health.com\en\ | IXE0865 | 78350619 |)" name="Then he clicks on Login Button" time="0"/>
  <testcase classname="And is able to see Add Patient button(| https:\​​beta.caspar-health.com\en\ | IXE0865 | 78350619 |)" name="And is able to see Add Patient button" time="0"/>
  <testcase classname="| https:\​​beta.caspar-health.com\en\ | IXE0865 | 78350619 |" name="| https:\​​beta.caspar-health.com\en\ | IXE0865 | 78350619 |" time="0.001"/>
  <testcase classname="Scenario: Add patient" name="Given user is on homepage" time="0"/>
  <testcase classname="Scenario: Add patient" name="When user clicks on Add Patient button" time="0"/>
  <testcase classname="Scenario: Add patient" name="Then the page for adding patient information is opened" time="0"/>
  <testcase classname="Scenario: Add patient" name="And the user enters patient information" time="0"/>
  <testcase classname="Scenario: Add patient" name="And clicks on Save Button" time="0"/>
  <testcase classname="Scenario: Add patient" name="And the patient details are added successfully" time="0"/>
  <testcase classname="Scenario: Add patient" name="And logout the user" time="0"/>
  <testcase classname="Scenario: Add patient" name="And the user launches login page &quot;URL&quot;" time="0"/>
  <testcase classname="Scenario: Add patient" name="When the user enters &quot;newPatient&quot; and &quot;newTempPwd&quot;" time="0"/>
  <testcase classname="Scenario: Add patient" name="Then he clicks on Login Button" time="0"/>
  <testcase classname="Scenario: Add patient" name="And able to click on terms and conditions and see it" time="0"/>
  <testcase classname="Scenario: Add patient" name="And able to click on release of medical information and see it" time="0.001"/>
  <testcase classname="Scenario: Add patient" name="Scenario: Add patient" time="0.001"/>
</testsuite>